make all --print-data-base --no-builtin-variables --no-builtin-rules --question
# GNU Make 4.3
# Built for x86_64-pc-linux-gnu
# Copyright (C) 1988-2020 Free Software Foundation, Inc.
# License GPLv3+: GNU GPL version 3 or later <http://gnu.org/licenses/gpl.html>
# This is free software: you are free to change and redistribute it.
# There is NO WARRANTY, to the extent permitted by law.
 

# Make data base, printed on Sat Jun 25 11:26:46 2022

# Variables

# environment
GDK_BACKEND = x11
# environment
LC_ALL = C
# environment
NO_AT_BRIDGE = 1
# environment
GJS_DEBUG_OUTPUT = stderr
# environment
VSCODE_IPC_HOOK_EXTHOST = /run/user/1000/vscode-ipc-43bda2b1-e234-4548-b2d3-32c5c1f7770c.sock
# environment
LC_NAME = es_CL.UTF-8
# environment
LC_NUMERIC = es_CL.UTF-8
# environment
VSCODE_CWD = /home/max
# environment
WINDOWPATH = 2
# environment
LC_ADDRESS = es_CL.UTF-8
# environment
GDM_LANG = en_US.UTF-8
# default
MAKE_COMMAND := make
# automatic
@D = $(patsubst %/,%,$(dir $@))
# environment
VSCODE_HANDLES_UNCAUGHT_ERRORS = true
# default
.VARIABLES := 
# environment
PWD = /home/max/Documents/U/Computaci칩n de Alto Desempe침o/TUP_AE
# automatic
%D = $(patsubst %/,%,$(dir $%))
# environment
MAIL = geary
# automatic
^D = $(patsubst %/,%,$(dir $^))
# environment
VSCODE_LOG_STACK = false
# automatic
%F = $(notdir $%)
# environment
VSCODE_CODE_CACHE_PATH = /home/max/.config/Code/CachedData/c3511e6c69bb39013c4a4b7b9566ec1ca73fc4d5
# environment
LANG = C
# environment
XAUTHORITY = /run/user/1000/gdm/Xauthority
# default
.LOADED := 
# default
.INCLUDE_DIRS = /usr/include /usr/local/include /usr/include
# makefile
MAKEFLAGS = pqrR
# makefile
CURDIR := /home/max/Documents/U/Computaci칩n de Alto Desempe침o/TUP_AE
# environment
VSCODE_PIPE_LOGGING = true
# environment
APPLICATION_INSIGHTS_NO_DIAGNOSTIC_CHANNEL = 1
# automatic
*D = $(patsubst %/,%,$(dir $*))
# environment
MFLAGS = -pqrR
# environment
SSH_AUTH_SOCK = /run/user/1000/keyring/ssh
# default
.SHELLFLAGS := -c
# automatic
+D = $(patsubst %/,%,$(dir $+))
# environment
XDG_SESSION_DESKTOP = gnome
# makefile (from 'Makefile', line 1)
MAKEFILE_LIST := Makefile
# automatic
@F = $(notdir $@)
# environment
VSCODE_VERBOSE_LOGGING = true
# environment
VSCODE_PID = 3157
# environment
XDG_SESSION_TYPE = x11
# environment
CUDA_PATH = /opt/cuda
# automatic
?D = $(patsubst %/,%,$(dir $?))
# environment
SESSION_MANAGER = local/falconh:@/tmp/.ICE-unix/1933,unix/falconh:/tmp/.ICE-unix/1933
# automatic
*F = $(notdir $*)
# environment
QT_QPA_PLATFORMTHEME = gnome
# environment
CHROME_DESKTOP = code-url-handler.desktop
# environment
DBUS_SESSION_BUS_ADDRESS = unix:path=/run/user/1000/bus
# environment
AMD_VULKAN_ICD = RADV
# automatic
<D = $(patsubst %/,%,$(dir $<))
# environment
VSCODE_NLS_CONFIG = {"locale":"en-us","availableLanguages":{},"_languagePackSupport":true}
# default
MAKE_HOST := x86_64-pc-linux-gnu
# makefile
SHELL = /bin/sh
# default
MAKECMDGOALS := all
# environment
GJS_DEBUG_TOPICS = JS ERROR;JS LOG
# environment
SHLVL = 1
# environment
MAKELEVEL := 0
# default
MAKE = $(MAKE_COMMAND)
# environment
PATH = /usr/local/bin:/usr/bin:/usr/local/sbin:/opt/cuda/bin:/opt/cuda/nsight_compute:/opt/cuda/nsight_systems/bin:/usr/lib/jvm/default/bin:/usr/bin/site_perl:/usr/bin/vendor_perl:/usr/bin/core_perl
# default
MAKEFILES := 
# environment
LC_MONETARY = es_CL.UTF-8
# environment
MOTD_SHOWN = pam
# automatic
^F = $(notdir $^)
# environment
LC_TIME = es_CL.UTF-8
# environment
INVOCATION_ID = 7ea8d355d7ab4fc69ceed1baefd50dd7
# environment
VSCODE_LOG_NATIVE = false
# environment
USERNAME = max
# environment
LC_TELEPHONE = es_CL.UTF-8
# automatic
?F = $(notdir $?)
# environment
XDG_CURRENT_DESKTOP = GNOME
# automatic
+F = $(notdir $+)
# environment
DESKTOP_SESSION = gnome
# environment
ORIGINAL_XDG_CURRENT_DESKTOP = GNOME
# 'override' directive
GNUMAKEFLAGS := 
# environment
BROWSER = firedragon
# environment
LOGNAME = max
# environment
GIO_LAUNCHED_DESKTOP_FILE = /usr/share/applications/visual-studio-code.desktop
# makefile
.DEFAULT_GOAL := all
# environment
SYSTEMD_EXEC_PID = 1949
# environment
EDITOR = /usr/bin/micro
# environment
DISPLAY = :1
# environment
USER = max
# default
MAKE_VERSION := 4.3
# environment
MANAGERPID = 1462
# environment
LC_MEASUREMENT = es_CL.UTF-8
# environment
DEBUGINFOD_URLS = https://debuginfod.archlinux.org 
# environment
GIO_LAUNCHED_DESKTOP_FILE_PID = 3138
# environment
_ = /usr/bin/make
# environment
LC_PAPER = es_CL.UTF-8
# environment
XDG_RUNTIME_DIR = /run/user/1000
# environment
JOURNAL_STREAM = 8:16333
# environment
XDG_SESSION_CLASS = user
# environment
VSCODE_AMD_ENTRYPOINT = vs/workbench/api/node/extensionHostProcess
# environment
GTK2_RC_FILES = /home/max/.gtkrc-2.0
# environment
HOME = /home/max
# environment
ELECTRON_RUN_AS_NODE = 1
# environment
VSCODE_IPC_HOOK = /run/user/1000/vscode-2718e749-1.67.2-main.sock
# environment
TERM = alacritty
# environment
HG = /usr/bin/hg
# default
.RECIPEPREFIX := 
# automatic
<F = $(notdir $<)
# default
SUFFIXES := 
# environment
VSCODE_CLI = 1
# environment
ELECTRON_NO_ATTACH_CONSOLE = 1
# makefile (from 'Makefile', line 2)
CXXFLAGS = -g -O3 -Wall
# default
.FEATURES := target-specific order-only second-expansion else-if shortest-stem undefine oneshell nocomment grouped-target extra-prereqs archives jobserver output-sync check-symlink guile load
# makefile (from 'Makefile', line 1)
CXX = g++
# environment
XDG_MENU_PREFIX = gnome-
# environment
GDMSESSION = gnome
# environment
LC_IDENTIFICATION = es_CL.UTF-8
# variable set hash-table stats:
# Load=110/1024=11%, Rehash=0, Collisions=11/140=8%

# Pattern-specific Variable Values

# No pattern-specific variable values.

# Directories

# . (device 40, inode 1737796): 31 files, no impossibilities.

# 31 files, no impossibilities in 1 directories.

# Implicit Rules

# No implicit rules.

# Files

individual.o: individual.cpp
#  Implicit rule search has been done.
#  Last modified 2022-06-24 14:10:13.410637182
#  File has been updated.
#  Successfully updated.

# Not a target:
Makefile:
#  Implicit rule search has been done.
#  Last modified 2022-06-25 11:25:00.398254482
#  File has been updated.
#  Successfully updated.

# Not a target:
individual.h:
#  Implicit rule search has been done.
#  Last modified 2022-06-24 13:57:20.221695817
#  File has been updated.
#  Successfully updated.

# Not a target:
individual.cpp:
#  Implicit rule search has been done.
#  Last modified 2022-06-24 13:57:20.221695817
#  File has been updated.
#  Successfully updated.

clean:
#  Phony target (prerequisite of .PHONY).
#  Implicit rule search has not been done.
#  File does not exist.
#  File has not been updated.
#  recipe to execute (from 'Makefile', line 14):
	rm -f *.o TUP_CPU

# Not a target:
utils.h:
#  Implicit rule search has been done.
#  Last modified 2022-06-24 13:57:22.296687875
#  File has been updated.
#  Successfully updated.

TUP_CPU: main.o utils.o individual.o
#  Implicit rule search has not been done.
 
#  Last modified 2022-06-25 11:26:02.563063431
#  File has been updated.
#  Successfully updated.
#  recipe to execute (from 'Makefile', line 7):
	$(CXX) $(CXXFLAGS) -o $@ $^

# Not a target:
.DEFAULT:
#  Implicit rule search has not been done.
#  Modification time never checked.
#  File has not been updated.

all: TUP_CPU
#  Phony target (prerequisite of .PHONY).
#  Command line target.
#  Implicit rule search has not been done.
#  File does not exist.
#  File has been updated.
#  Successfully updated.

main.o: utils.h individual.h common.h
#  Implicit rule search has been done.
#  Last modified 2022-06-24 14:10:10.385646897
#  File has been updated.
#  Successfully updated.

# Not a target:
utils.cpp:
#  Implicit rule search has been done.
#  Last modified 2022-06-24 13:57:22.296687875
#  File has been updated.
#  Successfully updated.

utils.o: utils.cpp
#  Implicit rule search has been done.
#  Last modified 2022-06-24 14:10:12.018643288
#  File has been updated.
#  Successfully updated.

.PHONY: all clean
#  Implicit rule search has not been done.
#  Modification time never checked.
#  File has not been updated.

# Not a target:
common.h:
#  Implicit rule search has been done.
#  Last modified 2022-06-24 13:57:20.221695817
#  File has been updated.
#  Successfully updated.

# files hash-table stats:
# Load=15/1024=1%, Rehash=0, Collisions=0/41=0%
# VPATH Search Paths

# No 'vpath' search paths.

# No general ('VPATH' variable) search path.

# strcache buffers: 1 (0) / strings = 38 / storage = 394 B / avg = 10 B
# current buf: size = 8162 B / used = 394 B / count = 38 / avg = 10 B

# strcache performance: lookups = 65 / hit rate = 41%
# hash-table stats:
# Load=38/8192=0%, Rehash=0, Collisions=0/65=0%
# Finished Make data base on Sat Jun 25 11:26:46 2022

 
